{"C:\\Users\\Vaishnavi\\OneDrive\\Desktop\\AI Assistant\\server\\src\\config\\dataBase.js": {"path":"C:\\Users\\Vaishnavi\\OneDrive\\Desktop\\AI Assistant\\server\\src\\config\\dataBase.js","statementMap":{"0":{"start":{"line":1,"column":17},"end":{"line":1,"column":36}},"1":{"start":{"line":2,"column":0},"end":{"line":2,"column":26}},"2":{"start":{"line":4,"column":17},"end":{"line":4,"column":40}},"3":{"start":{"line":6,"column":0},"end":{"line":9,"column":2}},"4":{"start":{"line":11,"column":0},"end":{"line":13,"column":2}},"5":{"start":{"line":12,"column":4},"end":{"line":12,"column":39}},"6":{"start":{"line":15,"column":0},"end":{"line":17,"column":2}},"7":{"start":{"line":16,"column":4},"end":{"line":16,"column":51}},"8":{"start":{"line":19,"column":0},"end":{"line":19,"column":25}}},"fnMap":{"0":{"name":"(anonymous_0)","decl":{"start":{"line":11,"column":36},"end":{"line":11,"column":37}},"loc":{"start":{"line":11,"column":42},"end":{"line":13,"column":1}},"line":11},"1":{"name":"(anonymous_1)","decl":{"start":{"line":15,"column":32},"end":{"line":15,"column":33}},"loc":{"start":{"line":15,"column":41},"end":{"line":17,"column":1}},"line":15}},"branchMap":{},"s":{"0":1,"1":1,"2":1,"3":1,"4":1,"5":0,"6":1,"7":0,"8":1},"f":{"0":0,"1":0},"b":{},"_coverageSchema":"1a1c01bbd47fc00a2c39e90264f33305004495a9","hash":"749db13d06b77b5e8c816706b51eb193fd9cfae3"}
,"C:\\Users\\Vaishnavi\\OneDrive\\Desktop\\AI Assistant\\server\\src\\config\\jwtToken.js": {"path":"C:\\Users\\Vaishnavi\\OneDrive\\Desktop\\AI Assistant\\server\\src\\config\\jwtToken.js","statementMap":{"0":{"start":{"line":1,"column":12},"end":{"line":1,"column":35}},"1":{"start":{"line":3,"column":21},"end":{"line":15,"column":1}},"2":{"start":{"line":4,"column":16},"end":{"line":4,"column":56}},"3":{"start":{"line":6,"column":2},"end":{"line":6,"column":72}},"4":{"start":{"line":6,"column":14},"end":{"line":6,"column":72}},"5":{"start":{"line":8,"column":2},"end":{"line":14,"column":3}},"6":{"start":{"line":9,"column":20},"end":{"line":9,"column":61}},"7":{"start":{"line":10,"column":4},"end":{"line":10,"column":23}},"8":{"start":{"line":11,"column":4},"end":{"line":11,"column":11}},"9":{"start":{"line":13,"column":4},"end":{"line":13,"column":62}},"10":{"start":{"line":17,"column":0},"end":{"line":17,"column":30}}},"fnMap":{"0":{"name":"(anonymous_0)","decl":{"start":{"line":3,"column":21},"end":{"line":3,"column":22}},"loc":{"start":{"line":3,"column":41},"end":{"line":15,"column":1}},"line":3}},"branchMap":{"0":{"loc":{"start":{"line":6,"column":2},"end":{"line":6,"column":72}},"type":"if","locations":[{"start":{"line":6,"column":2},"end":{"line":6,"column":72}},{"start":{},"end":{}}],"line":6}},"s":{"0":1,"1":1,"2":0,"3":0,"4":0,"5":0,"6":0,"7":0,"8":0,"9":0,"10":1},"f":{"0":0},"b":{"0":[0,0]},"_coverageSchema":"1a1c01bbd47fc00a2c39e90264f33305004495a9","hash":"9f34c98b6c9619d04f7f562e24c5358cc0a8cb9c"}
,"C:\\Users\\Vaishnavi\\OneDrive\\Desktop\\AI Assistant\\server\\src\\controller\\openaiController.js": {"path":"C:\\Users\\Vaishnavi\\OneDrive\\Desktop\\AI Assistant\\server\\src\\controller\\openaiController.js","statementMap":{"0":{"start":{"line":1,"column":15},"end":{"line":1,"column":32}},"1":{"start":{"line":2,"column":15},"end":{"line":2,"column":42}},"2":{"start":{"line":4,"column":15},"end":{"line":6,"column":2}},"3":{"start":{"line":8,"column":21},"end":{"line":34,"column":1}},"4":{"start":{"line":9,"column":21},"end":{"line":9,"column":29}},"5":{"start":{"line":11,"column":2},"end":{"line":33,"column":3}},"6":{"start":{"line":12,"column":21},"end":{"line":25,"column":6}},"7":{"start":{"line":27,"column":23},"end":{"line":27,"column":58}},"8":{"start":{"line":28,"column":18},"end":{"line":28,"column":73}},"9":{"start":{"line":29,"column":4},"end":{"line":29,"column":37}},"10":{"start":{"line":31,"column":4},"end":{"line":31,"column":51}},"11":{"start":{"line":32,"column":4},"end":{"line":32,"column":60}},"12":{"start":{"line":35,"column":23},"end":{"line":45,"column":1}},"13":{"start":{"line":36,"column":2},"end":{"line":44,"column":3}},"14":{"start":{"line":37,"column":19},"end":{"line":37,"column":30}},"15":{"start":{"line":38,"column":20},"end":{"line":38,"column":73}},"16":{"start":{"line":40,"column":4},"end":{"line":40,"column":26}},"17":{"start":{"line":42,"column":4},"end":{"line":42,"column":57}},"18":{"start":{"line":43,"column":4},"end":{"line":43,"column":63}},"19":{"start":{"line":47,"column":0},"end":{"line":50,"column":2}}},"fnMap":{"0":{"name":"(anonymous_0)","decl":{"start":{"line":8,"column":21},"end":{"line":8,"column":22}},"loc":{"start":{"line":8,"column":41},"end":{"line":34,"column":1}},"line":8},"1":{"name":"(anonymous_1)","decl":{"start":{"line":35,"column":23},"end":{"line":35,"column":24}},"loc":{"start":{"line":35,"column":43},"end":{"line":45,"column":1}},"line":35}},"branchMap":{},"s":{"0":1,"1":1,"2":1,"3":1,"4":2,"5":2,"6":2,"7":1,"8":1,"9":1,"10":1,"11":1,"12":1,"13":2,"14":2,"15":2,"16":1,"17":1,"18":1,"19":1},"f":{"0":2,"1":2},"b":{},"_coverageSchema":"1a1c01bbd47fc00a2c39e90264f33305004495a9","hash":"97f30b49d0764aa3be360a21986ef9a231d8fc08"}
,"C:\\Users\\Vaishnavi\\OneDrive\\Desktop\\AI Assistant\\server\\src\\controller\\user.js": {"path":"C:\\Users\\Vaishnavi\\OneDrive\\Desktop\\AI Assistant\\server\\src\\controller\\user.js","statementMap":{"0":{"start":{"line":1,"column":20},"end":{"line":1,"column":46}},"1":{"start":{"line":2,"column":12},"end":{"line":2,"column":35}},"2":{"start":{"line":4,"column":19},"end":{"line":24,"column":1}},"3":{"start":{"line":5,"column":2},"end":{"line":23,"column":3}},"4":{"start":{"line":6,"column":38},"end":{"line":6,"column":46}},"5":{"start":{"line":8,"column":4},"end":{"line":10,"column":5}},"6":{"start":{"line":9,"column":6},"end":{"line":9,"column":89}},"7":{"start":{"line":12,"column":25},"end":{"line":12,"column":64}},"8":{"start":{"line":13,"column":4},"end":{"line":15,"column":5}},"9":{"start":{"line":14,"column":6},"end":{"line":14,"column":71}},"10":{"start":{"line":17,"column":4},"end":{"line":17,"column":60}},"11":{"start":{"line":19,"column":4},"end":{"line":19,"column":74}},"12":{"start":{"line":21,"column":4},"end":{"line":21,"column":49}},"13":{"start":{"line":22,"column":4},"end":{"line":22,"column":92}},"14":{"start":{"line":26,"column":14},"end":{"line":48,"column":1}},"15":{"start":{"line":27,"column":2},"end":{"line":47,"column":3}},"16":{"start":{"line":28,"column":34},"end":{"line":28,"column":42}},"17":{"start":{"line":30,"column":6},"end":{"line":32,"column":7}},"18":{"start":{"line":31,"column":10},"end":{"line":31,"column":86}},"19":{"start":{"line":34,"column":19},"end":{"line":34,"column":59}},"20":{"start":{"line":35,"column":6},"end":{"line":37,"column":7}},"21":{"start":{"line":36,"column":10},"end":{"line":36,"column":74}},"22":{"start":{"line":39,"column":6},"end":{"line":39,"column":62}},"23":{"start":{"line":42,"column":6},"end":{"line":44,"column":7}},"24":{"start":{"line":43,"column":10},"end":{"line":43,"column":64}},"25":{"start":{"line":45,"column":6},"end":{"line":45,"column":25}},"26":{"start":{"line":46,"column":6},"end":{"line":46,"column":65}},"27":{"start":{"line":50,"column":21},"end":{"line":71,"column":1}},"28":{"start":{"line":51,"column":2},"end":{"line":70,"column":3}},"29":{"start":{"line":52,"column":24},"end":{"line":52,"column":32}},"30":{"start":{"line":54,"column":6},"end":{"line":56,"column":7}},"31":{"start":{"line":55,"column":10},"end":{"line":55,"column":72}},"32":{"start":{"line":58,"column":23},"end":{"line":58,"column":60}},"33":{"start":{"line":59,"column":6},"end":{"line":61,"column":7}},"34":{"start":{"line":60,"column":10},"end":{"line":60,"column":68}},"35":{"start":{"line":63,"column":6},"end":{"line":63,"column":36}},"36":{"start":{"line":65,"column":6},"end":{"line":67,"column":7}},"37":{"start":{"line":66,"column":10},"end":{"line":66,"column":68}},"38":{"start":{"line":68,"column":6},"end":{"line":68,"column":25}},"39":{"start":{"line":69,"column":6},"end":{"line":69,"column":65}},"40":{"start":{"line":72,"column":0},"end":{"line":76,"column":2}}},"fnMap":{"0":{"name":"(anonymous_0)","decl":{"start":{"line":4,"column":19},"end":{"line":4,"column":20}},"loc":{"start":{"line":4,"column":39},"end":{"line":24,"column":1}},"line":4},"1":{"name":"(anonymous_1)","decl":{"start":{"line":26,"column":14},"end":{"line":26,"column":15}},"loc":{"start":{"line":26,"column":34},"end":{"line":48,"column":1}},"line":26},"2":{"name":"(anonymous_2)","decl":{"start":{"line":50,"column":21},"end":{"line":50,"column":22}},"loc":{"start":{"line":50,"column":41},"end":{"line":71,"column":1}},"line":50}},"branchMap":{"0":{"loc":{"start":{"line":8,"column":4},"end":{"line":10,"column":5}},"type":"if","locations":[{"start":{"line":8,"column":4},"end":{"line":10,"column":5}},{"start":{},"end":{}}],"line":8},"1":{"loc":{"start":{"line":8,"column":8},"end":{"line":8,"column":36}},"type":"binary-expr","locations":[{"start":{"line":8,"column":8},"end":{"line":8,"column":14}},{"start":{"line":8,"column":18},"end":{"line":8,"column":27}},{"start":{"line":8,"column":31},"end":{"line":8,"column":36}}],"line":8},"2":{"loc":{"start":{"line":13,"column":4},"end":{"line":15,"column":5}},"type":"if","locations":[{"start":{"line":13,"column":4},"end":{"line":15,"column":5}},{"start":{},"end":{}}],"line":13},"3":{"loc":{"start":{"line":30,"column":6},"end":{"line":32,"column":7}},"type":"if","locations":[{"start":{"line":30,"column":6},"end":{"line":32,"column":7}},{"start":{},"end":{}}],"line":30},"4":{"loc":{"start":{"line":30,"column":10},"end":{"line":30,"column":29}},"type":"binary-expr","locations":[{"start":{"line":30,"column":10},"end":{"line":30,"column":16}},{"start":{"line":30,"column":20},"end":{"line":30,"column":29}}],"line":30},"5":{"loc":{"start":{"line":35,"column":6},"end":{"line":37,"column":7}},"type":"if","locations":[{"start":{"line":35,"column":6},"end":{"line":37,"column":7}},{"start":{},"end":{}}],"line":35},"6":{"loc":{"start":{"line":42,"column":6},"end":{"line":44,"column":7}},"type":"if","locations":[{"start":{"line":42,"column":6},"end":{"line":44,"column":7}},{"start":{},"end":{}}],"line":42},"7":{"loc":{"start":{"line":42,"column":10},"end":{"line":42,"column":82}},"type":"binary-expr","locations":[{"start":{"line":42,"column":10},"end":{"line":42,"column":47}},{"start":{"line":42,"column":51},"end":{"line":42,"column":82}}],"line":42},"8":{"loc":{"start":{"line":54,"column":6},"end":{"line":56,"column":7}},"type":"if","locations":[{"start":{"line":54,"column":6},"end":{"line":56,"column":7}},{"start":{},"end":{}}],"line":54},"9":{"loc":{"start":{"line":59,"column":6},"end":{"line":61,"column":7}},"type":"if","locations":[{"start":{"line":59,"column":6},"end":{"line":61,"column":7}},{"start":{},"end":{}}],"line":59},"10":{"loc":{"start":{"line":65,"column":6},"end":{"line":67,"column":7}},"type":"if","locations":[{"start":{"line":65,"column":6},"end":{"line":67,"column":7}},{"start":{},"end":{}}],"line":65}},"s":{"0":1,"1":1,"2":1,"3":3,"4":3,"5":3,"6":1,"7":2,"8":1,"9":1,"10":0,"11":0,"12":1,"13":1,"14":1,"15":4,"16":4,"17":4,"18":1,"19":3,"20":1,"21":0,"22":1,"23":2,"24":1,"25":1,"26":1,"27":1,"28":4,"29":4,"30":4,"31":1,"32":3,"33":1,"34":0,"35":1,"36":2,"37":1,"38":1,"39":1,"40":1},"f":{"0":3,"1":4,"2":4},"b":{"0":[1,2],"1":[3,2,2],"2":[1,0],"3":[1,3],"4":[4,3],"5":[0,1],"6":[1,1],"7":[2,1],"8":[1,3],"9":[0,1],"10":[1,1]},"_coverageSchema":"1a1c01bbd47fc00a2c39e90264f33305004495a9","hash":"62ee7aba3aed280f31c0722a1701f0bf78fd1e11"}
,"C:\\Users\\Vaishnavi\\OneDrive\\Desktop\\AI Assistant\\server\\src\\models\\prompt.js": {"path":"C:\\Users\\Vaishnavi\\OneDrive\\Desktop\\AI Assistant\\server\\src\\models\\prompt.js","statementMap":{"0":{"start":{"line":1,"column":17},"end":{"line":1,"column":36}},"1":{"start":{"line":3,"column":21},"end":{"line":11,"column":24}},"2":{"start":{"line":13,"column":0},"end":{"line":13,"column":56}}},"fnMap":{},"branchMap":{},"s":{"0":1,"1":1,"2":1},"f":{},"b":{},"_coverageSchema":"1a1c01bbd47fc00a2c39e90264f33305004495a9","hash":"f10d528f3fd5056d6ec4f57d9be7966bbbf23b79"}
,"C:\\Users\\Vaishnavi\\OneDrive\\Desktop\\AI Assistant\\server\\src\\models\\user.js": {"path":"C:\\Users\\Vaishnavi\\OneDrive\\Desktop\\AI Assistant\\server\\src\\models\\user.js","statementMap":{"0":{"start":{"line":1,"column":17},"end":{"line":1,"column":46}},"1":{"start":{"line":3,"column":19},"end":{"line":7,"column":2}},"2":{"start":{"line":9,"column":13},"end":{"line":9,"column":47}},"3":{"start":{"line":10,"column":0},"end":{"line":10,"column":22}}},"fnMap":{},"branchMap":{},"s":{"0":1,"1":1,"2":1,"3":1},"f":{},"b":{},"_coverageSchema":"1a1c01bbd47fc00a2c39e90264f33305004495a9","hash":"aa302bcc8b7275e2bc63655bedab6d9b3dccbec7"}
,"C:\\Users\\Vaishnavi\\OneDrive\\Desktop\\AI Assistant\\server\\src\\service\\user.js": {"path":"C:\\Users\\Vaishnavi\\OneDrive\\Desktop\\AI Assistant\\server\\src\\service\\user.js","statementMap":{"0":{"start":{"line":1,"column":13},"end":{"line":1,"column":38}},"1":{"start":{"line":2,"column":15},"end":{"line":2,"column":32}},"2":{"start":{"line":3,"column":17},"end":{"line":3,"column":46}},"3":{"start":{"line":4,"column":12},"end":{"line":4,"column":35}},"4":{"start":{"line":6,"column":17},"end":{"line":8,"column":1}},"5":{"start":{"line":7,"column":2},"end":{"line":7,"column":29}},"6":{"start":{"line":10,"column":23},"end":{"line":12,"column":1}},"7":{"start":{"line":11,"column":2},"end":{"line":11,"column":39}},"8":{"start":{"line":14,"column":19},"end":{"line":17,"column":1}},"9":{"start":{"line":15,"column":25},"end":{"line":15,"column":56}},"10":{"start":{"line":16,"column":2},"end":{"line":16,"column":74}},"11":{"start":{"line":19,"column":14},"end":{"line":40,"column":1}},"12":{"start":{"line":20,"column":2},"end":{"line":39,"column":3}},"13":{"start":{"line":21,"column":17},"end":{"line":21,"column":46}},"14":{"start":{"line":22,"column":4},"end":{"line":24,"column":5}},"15":{"start":{"line":23,"column":6},"end":{"line":23,"column":45}},"16":{"start":{"line":26,"column":28},"end":{"line":26,"column":73}},"17":{"start":{"line":27,"column":4},"end":{"line":29,"column":5}},"18":{"start":{"line":28,"column":6},"end":{"line":28,"column":45}},"19":{"start":{"line":31,"column":18},"end":{"line":31,"column":52}},"20":{"start":{"line":32,"column":4},"end":{"line":36,"column":6}},"21":{"start":{"line":38,"column":4},"end":{"line":38,"column":53}},"22":{"start":{"line":42,"column":21},"end":{"line":63,"column":1}},"23":{"start":{"line":43,"column":2},"end":{"line":62,"column":3}},"24":{"start":{"line":44,"column":4},"end":{"line":46,"column":5}},"25":{"start":{"line":45,"column":6},"end":{"line":45,"column":43}},"26":{"start":{"line":48,"column":20},"end":{"line":48,"column":64}},"27":{"start":{"line":49,"column":17},"end":{"line":49,"column":48}},"28":{"start":{"line":50,"column":4},"end":{"line":52,"column":5}},"29":{"start":{"line":51,"column":6},"end":{"line":51,"column":40}},"30":{"start":{"line":54,"column":21},"end":{"line":54,"column":55}},"31":{"start":{"line":55,"column":4},"end":{"line":55,"column":20}},"32":{"start":{"line":57,"column":4},"end":{"line":57,"column":52}},"33":{"start":{"line":58,"column":4},"end":{"line":60,"column":5}},"34":{"start":{"line":59,"column":6},"end":{"line":59,"column":50}},"35":{"start":{"line":61,"column":4},"end":{"line":61,"column":44}},"36":{"start":{"line":65,"column":0},"end":{"line":71,"column":2}}},"fnMap":{"0":{"name":"(anonymous_0)","decl":{"start":{"line":6,"column":17},"end":{"line":6,"column":18}},"loc":{"start":{"line":6,"column":29},"end":{"line":8,"column":1}},"line":6},"1":{"name":"(anonymous_1)","decl":{"start":{"line":10,"column":23},"end":{"line":10,"column":24}},"loc":{"start":{"line":10,"column":40},"end":{"line":12,"column":1}},"line":10},"2":{"name":"(anonymous_2)","decl":{"start":{"line":14,"column":19},"end":{"line":14,"column":20}},"loc":{"start":{"line":14,"column":56},"end":{"line":17,"column":1}},"line":14},"3":{"name":"(anonymous_3)","decl":{"start":{"line":19,"column":14},"end":{"line":19,"column":15}},"loc":{"start":{"line":19,"column":41},"end":{"line":40,"column":1}},"line":19},"4":{"name":"(anonymous_4)","decl":{"start":{"line":42,"column":21},"end":{"line":42,"column":22}},"loc":{"start":{"line":42,"column":41},"end":{"line":63,"column":1}},"line":42}},"branchMap":{"0":{"loc":{"start":{"line":22,"column":4},"end":{"line":24,"column":5}},"type":"if","locations":[{"start":{"line":22,"column":4},"end":{"line":24,"column":5}},{"start":{},"end":{}}],"line":22},"1":{"loc":{"start":{"line":27,"column":4},"end":{"line":29,"column":5}},"type":"if","locations":[{"start":{"line":27,"column":4},"end":{"line":29,"column":5}},{"start":{},"end":{}}],"line":27},"2":{"loc":{"start":{"line":38,"column":20},"end":{"line":38,"column":51}},"type":"binary-expr","locations":[{"start":{"line":38,"column":20},"end":{"line":38,"column":33}},{"start":{"line":38,"column":37},"end":{"line":38,"column":51}}],"line":38},"3":{"loc":{"start":{"line":44,"column":4},"end":{"line":46,"column":5}},"type":"if","locations":[{"start":{"line":44,"column":4},"end":{"line":46,"column":5}},{"start":{},"end":{}}],"line":44},"4":{"loc":{"start":{"line":50,"column":4},"end":{"line":52,"column":5}},"type":"if","locations":[{"start":{"line":50,"column":4},"end":{"line":52,"column":5}},{"start":{},"end":{}}],"line":50},"5":{"loc":{"start":{"line":58,"column":4},"end":{"line":60,"column":5}},"type":"if","locations":[{"start":{"line":58,"column":4},"end":{"line":60,"column":5}},{"start":{},"end":{}}],"line":58},"6":{"loc":{"start":{"line":58,"column":8},"end":{"line":58,"column":80}},"type":"binary-expr","locations":[{"start":{"line":58,"column":8},"end":{"line":58,"column":42}},{"start":{"line":58,"column":46},"end":{"line":58,"column":80}}],"line":58}},"s":{"0":1,"1":1,"2":1,"3":1,"4":1,"5":0,"6":1,"7":0,"8":1,"9":0,"10":0,"11":1,"12":0,"13":0,"14":0,"15":0,"16":0,"17":0,"18":0,"19":0,"20":0,"21":0,"22":1,"23":0,"24":0,"25":0,"26":0,"27":0,"28":0,"29":0,"30":0,"31":0,"32":0,"33":0,"34":0,"35":0,"36":1},"f":{"0":0,"1":0,"2":0,"3":0,"4":0},"b":{"0":[0,0],"1":[0,0],"2":[0,0],"3":[0,0],"4":[0,0],"5":[0,0],"6":[0,0]},"_coverageSchema":"1a1c01bbd47fc00a2c39e90264f33305004495a9","hash":"653727eb79f0cc238e432dd771cbdcda2753615d"}
}
