TN:
SF:src\config\dataBase.js
FN:11,(anonymous_0)
FN:15,(anonymous_1)
FNF:2
FNH:0
FNDA:0,(anonymous_0)
FNDA:0,(anonymous_1)
DA:1,1
DA:2,1
DA:4,1
DA:6,1
DA:11,1
DA:12,0
DA:15,1
DA:16,0
DA:19,1
LF:9
LH:7
BRF:0
BRH:0
end_of_record
TN:
SF:src\config\jwtToken.js
FN:3,(anonymous_0)
FNF:1
FNH:0
FNDA:0,(anonymous_0)
DA:1,1
DA:3,1
DA:4,0
DA:6,0
DA:8,0
DA:9,0
DA:10,0
DA:11,0
DA:13,0
DA:17,1
LF:10
LH:3
BRDA:6,0,0,0
BRDA:6,0,1,0
BRF:2
BRH:0
end_of_record
TN:
SF:src\controller\openaiController.js
FN:8,(anonymous_0)
FN:35,(anonymous_1)
FNF:2
FNH:2
FNDA:2,(anonymous_0)
FNDA:2,(anonymous_1)
DA:1,1
DA:2,1
DA:4,1
DA:8,1
DA:9,2
DA:11,2
DA:12,2
DA:27,1
DA:28,1
DA:29,1
DA:31,1
DA:32,1
DA:35,1
DA:36,2
DA:37,2
DA:38,2
DA:40,1
DA:42,1
DA:43,1
DA:47,1
LF:20
LH:20
BRF:0
BRH:0
end_of_record
TN:
SF:src\controller\user.js
FN:4,(anonymous_0)
FN:26,(anonymous_1)
FN:50,(anonymous_2)
FNF:3
FNH:3
FNDA:3,(anonymous_0)
FNDA:4,(anonymous_1)
FNDA:4,(anonymous_2)
DA:1,1
DA:2,1
DA:4,1
DA:5,3
DA:6,3
DA:8,3
DA:9,1
DA:12,2
DA:13,1
DA:14,1
DA:17,0
DA:19,0
DA:21,1
DA:22,1
DA:26,1
DA:27,4
DA:28,4
DA:30,4
DA:31,1
DA:34,3
DA:35,1
DA:36,0
DA:39,1
DA:42,2
DA:43,1
DA:45,1
DA:46,1
DA:50,1
DA:51,4
DA:52,4
DA:54,4
DA:55,1
DA:58,3
DA:59,1
DA:60,0
DA:63,1
DA:65,2
DA:66,1
DA:68,1
DA:69,1
DA:72,1
LF:41
LH:37
BRDA:8,0,0,1
BRDA:8,0,1,2
BRDA:8,1,0,3
BRDA:8,1,1,2
BRDA:8,1,2,2
BRDA:13,2,0,1
BRDA:13,2,1,0
BRDA:30,3,0,1
BRDA:30,3,1,3
BRDA:30,4,0,4
BRDA:30,4,1,3
BRDA:35,5,0,0
BRDA:35,5,1,1
BRDA:42,6,0,1
BRDA:42,6,1,1
BRDA:42,7,0,2
BRDA:42,7,1,1
BRDA:54,8,0,1
BRDA:54,8,1,3
BRDA:59,9,0,0
BRDA:59,9,1,1
BRDA:65,10,0,1
BRDA:65,10,1,1
BRF:23
BRH:20
end_of_record
TN:
SF:src\models\prompt.js
FNF:0
FNH:0
DA:1,1
DA:3,1
DA:13,1
LF:3
LH:3
BRF:0
BRH:0
end_of_record
TN:
SF:src\models\user.js
FNF:0
FNH:0
DA:1,1
DA:3,1
DA:9,1
DA:10,1
LF:4
LH:4
BRF:0
BRH:0
end_of_record
TN:
SF:src\service\user.js
FN:6,(anonymous_0)
FN:10,(anonymous_1)
FN:14,(anonymous_2)
FN:19,(anonymous_3)
FN:42,(anonymous_4)
FNF:5
FNH:0
FNDA:0,(anonymous_0)
FNDA:0,(anonymous_1)
FNDA:0,(anonymous_2)
FNDA:0,(anonymous_3)
FNDA:0,(anonymous_4)
DA:1,1
DA:2,1
DA:3,1
DA:4,1
DA:6,1
DA:7,0
DA:10,1
DA:11,0
DA:14,1
DA:15,0
DA:16,0
DA:19,1
DA:20,0
DA:21,0
DA:22,0
DA:23,0
DA:26,0
DA:27,0
DA:28,0
DA:31,0
DA:32,0
DA:38,0
DA:42,1
DA:43,0
DA:44,0
DA:45,0
DA:48,0
DA:49,0
DA:50,0
DA:51,0
DA:54,0
DA:55,0
DA:57,0
DA:58,0
DA:59,0
DA:61,0
DA:65,1
LF:37
LH:10
BRDA:22,0,0,0
BRDA:22,0,1,0
BRDA:27,1,0,0
BRDA:27,1,1,0
BRDA:38,2,0,0
BRDA:38,2,1,0
BRDA:44,3,0,0
BRDA:44,3,1,0
BRDA:50,4,0,0
BRDA:50,4,1,0
BRDA:58,5,0,0
BRDA:58,5,1,0
BRDA:58,6,0,0
BRDA:58,6,1,0
BRF:14
BRH:0
end_of_record
